<?xml version="1.0" encoding="UTF-8"?>
<!-- Generated by org.testng.reporters.JUnitXMLReporter -->
<testsuite ignored="8" hostname="DESKTOP-9C5438O" failures="0" tests="3" name="Test" time="58.476" errors="0" timestamp="2021-12-27T22:29:55 IST">
  <testcase classname="com.crm.AutoDesk.Org.CreateOrgTest" name="createOrgTest" time="13.742"/>
  <testcase classname="com.crm.AutoDesk.Org.CreateOrgTest" name="demo" time="0.003"/>
  <testcase classname="com.SDET27.AutoDesk.CreateContact" name="CreateContacts" time="16.233"/>
  <testcase classname="com.crm.autodesk.genericutility.BaseClass" name="@BeforeSuite dbConnection" time="0.0">
    <ignored/>
  </testcase> <!-- @BeforeSuite dbConnection -->
  <testcase classname="com.crm.autodesk.genericutility.BaseClass" name="@BeforeSuite dbConnection" time="0.0">
    <ignored/>
  </testcase> <!-- @BeforeSuite dbConnection -->
  <testcase classname="com.crm.autodesk.genericutility.BaseClass" name="@BeforeSuite dbConnection" time="0.0">
    <ignored/>
  </testcase> <!-- @BeforeSuite dbConnection -->
  <testcase classname="com.SDET27.AutoDesk.CreateContactWithOrgTest" name="createContactWithOrgTest" time="0.0">
    <ignored/>
  </testcase> <!-- createContactWithOrgTest -->
  <testcase classname="com.crm.autodesk.genericutility.BaseClass" name="@AfterSuite closeDbConnection" time="0.0">
    <ignored/>
  </testcase> <!-- @AfterSuite closeDbConnection -->
  <testcase classname="com.crm.autodesk.genericutility.BaseClass" name="@AfterSuite closeDbConnection" time="0.0">
    <ignored/>
  </testcase> <!-- @AfterSuite closeDbConnection -->
  <testcase classname="com.crm.autodesk.genericutility.BaseClass" name="@AfterSuite closeDbConnection" time="0.0">
    <ignored/>
  </testcase> <!-- @AfterSuite closeDbConnection -->
  <testcase classname="com.crm.AutoDesk.Org.CreateOrgWithIndustriesAndType" name="createOrgWithIndustriesTest" time="0.0">
    <ignored/>
  </testcase> <!-- createOrgWithIndustriesTest -->
</testsuite> <!-- Test -->
